<?xml version="1.0" encoding="UTF-8" ?>
<testsuite tests="1" failures="0" name="org.springframework.samples.petclinic.OwnerTests" time="0.016" errors="0" skipped="0">
  <properties>
    <property name="java.vendor" value="Oracle Corporation"/>
    <property name="JOB_NAME" value="petclinic"/>
    <property name="sun.java.launcher" value="SUN_STANDARD"/>
    <property name="windows_tracing_logfile" value="C:\BVTBin\Tests\installpackage\csilogfile.log"/>
    <property name="NUMBER_OF_PROCESSORS" value="4"/>
    <property name="sun.management.compiler" value="HotSpot 64-Bit Tiered Compilers"/>
    <property name="JENKINS_HOME" value="C:\Users\family\.jenkins"/>
    <property name="FPS_BROWSER_USER_PROFILE_STRING" value="Default"/>
    <property name="HUDSON_SERVER_COOKIE" value="def42b21c26ae6e4"/>
    <property name="POM_ARTIFACTID" value="petclinic_sdk"/>
    <property name="os.name" value="Windows 10"/>
    <property name="sun.boot.class.path" value="c:\Java\jdk1.8.0_65\jre\lib\resources.jar;c:\Java\jdk1.8.0_65\jre\lib\rt.jar;c:\Java\jdk1.8.0_65\jre\lib\sunrsasign.jar;c:\Java\jdk1.8.0_65\jre\lib\jsse.jar;c:\Java\jdk1.8.0_65\jre\lib\jce.jar;c:\Java\jdk1.8.0_65\jre\lib\charsets.jar;c:\Java\jdk1.8.0_65\jre\lib\jfr.jar;c:\Java\jdk1.8.0_65\jre\classes"/>
    <property name="EXECUTOR_NUMBER" value="0"/>
    <property name="user.country.format" value="IL"/>
    <property name="sun.desktop" value="windows"/>
    <property name="PATHEXT" value=".COM;.EXE;.BAT;.CMD;.VBS;.VBE;.JS;.JSE;.WSF;.WSH;.MSC"/>
    <property name="java.vm.specification.vendor" value="Oracle Corporation"/>
    <property name="POM_DISPLAYNAME" value="petclinic"/>
    <property name="NODE_LABELS" value="master"/>
    <property name="TEMP" value="C:\Users\family\AppData\Local\Temp"/>
    <property name="java.runtime.version" value="1.8.0_65-b17"/>
    <property name="FPS_BROWSER_APP_PROFILE_STRING" value="Internet Explorer"/>
    <property name="user.name" value="family"/>
    <property name="user.language.format" value="he"/>
    <property name="guice.disable.misplaced.annotation.check" value="true"/>
    <property name="CommonProgramW6432" value="C:\Program Files\Common Files"/>
    <property name="ProgramFiles" value="C:\Program Files"/>
    <property name="PROMPT" value="$P$G"/>
    <property name="user.language" value="en"/>
    <property name="BUILD_DISPLAY_NAME" value="#2"/>
    <property name="sun.boot.library.path" value="c:\Java\jdk1.8.0_65\jre\bin"/>
    <property name="DOCKER_TOOLBOX_INSTALL_PATH" value="C:\Program Files\Docker Toolbox"/>
    <property name="LOCALAPPDATA" value="C:\Users\family\AppData\Local"/>
    <property name="java.version" value="1.8.0_65"/>
    <property name="PROCESSOR_LEVEL" value="6"/>
    <property name="user.timezone" value="Asia/Jerusalem"/>
    <property name="USERNAME" value="family"/>
    <property name="sun.arch.data.model" value="64"/>
    <property name="MOZ_PLUGIN_PATH" value="C:\Program Files (x86)\Foxit Software\Foxit Reader\plugins\"/>
    <property name="NODE_NAME" value="master"/>
    <property name="java.endorsed.dirs" value="c:\Java\jdk1.8.0_65\jre\lib\endorsed"/>
    <property name="UOIPME_REG_PATH" value="C:\Program Files\Intel Corporation\USB over IP"/>
    <property name="BUILD_ID" value="2"/>
    <property name="sun.cpu.isalist" value="amd64"/>
    <property name="sun.jnu.encoding" value="Cp1255"/>
    <property name="file.encoding.pkg" value="sun.io"/>
    <property name="file.separator" value="\"/>
    <property name="java.specification.name" value="Java Platform API Specification"/>
    <property name="HOMEDRIVE" value="C:"/>
    <property name="java.class.version" value="52.0"/>
    <property name="=::" value="::\"/>
    <property name="org.slf4j.simpleLogger.defaultLogLevel" value="info"/>
    <property name="user.country" value="US"/>
    <property name="ALLUSERSPROFILE" value="C:\ProgramData"/>
    <property name="java.home" value="c:\Java\jdk1.8.0_65\jre"/>
    <property name="java.vm.info" value="mixed mode"/>
    <property name="os.version" value="10.0"/>
    <property name="=ExitCode" value="00000082"/>
    <property name="POM_VERSION" value="1.0.0-SNAPSHOT"/>
    <property name="TMP" value="C:\Users\family\AppData\Local\Temp"/>
    <property name="path.separator" value=";"/>
    <property name="COMMANDER_DRIVE" value="C:"/>
    <property name="java.vm.version" value="25.65-b01"/>
    <property name="user.variant" value=""/>
    <property name="CommonProgramFiles(x86)" value="C:\Program Files (x86)\Common Files"/>
    <property name="COMMANDER_EXE" value="C:\totalcmd\TOTALCMD64.EXE"/>
    <property name="USERDOMAIN_ROAMINGPROFILE" value="family-laptop-2"/>
    <property name="java.awt.printerjob" value="sun.awt.windows.WPrinterJob"/>
    <property name="FP_NO_HOST_CHECK" value="NO"/>
    <property name="sun.io.unicode.encoding" value="UnicodeLittle"/>
    <property name="JAVA_HOME" value="c:\Java\jdk1.8.0_65\"/>
    <property name="CommonProgramFiles" value="C:\Program Files\Common Files"/>
    <property name="ComSpec" value="C:\WINDOWS\system32\cmd.exe"/>
    <property name="awt.toolkit" value="sun.awt.windows.WToolkit"/>
    <property name="HOMEPATH" value="\Users\family"/>
    <property name="POM_PACKAGING" value="war"/>
    <property name="asl.log" value="Destination=file"/>
    <property name="user.script" value=""/>
    <property name="COMPUTERNAME" value="FAMILY-LAPTOP-2"/>
    <property name="POM_GROUPID" value="org.springframework.samples"/>
    <property name="VBOX_MSI_INSTALL_PATH" value="C:\Program Files\Oracle\VirtualBox\"/>
    <property name="user.home" value="C:\Users\family"/>
    <property name="PUBLIC" value="C:\Users\Public"/>
    <property name="BUILD_TAG" value="jenkins-petclinic-2"/>
    <property name="JENKINS_SERVER_COOKIE" value="def42b21c26ae6e4"/>
    <property name="HUDSON_URL" value="http://localhost:8080/"/>
    <property name="ProgramData" value="C:\ProgramData"/>
    <property name="java.specification.vendor" value="Oracle Corporation"/>
    <property name="USERPROFILE" value="C:\Users\family"/>
    <property name="CLASSPATH" value=""/>
    <property name="java.vendor.url" value="http://java.oracle.com/"/>
    <property name="java.library.path" value="c:\Java\jdk1.8.0_65\bin;C:\WINDOWS\Sun\Java\bin;C:\WINDOWS\system32;C:\WINDOWS;c:\dev\lib\apache-maven-3.3.9\/bin;c:\Java\jdk1.8.0_65\bin\;C:\ProgramData\Oracle\Java\javapath;C:\Program Files\Common Files\Microsoft Shared\Windows Live;C:\Program Files (x86)\Common Files\Microsoft Shared\Windows Live;C:\Program Files (x86)\Intel\iCLS Client\;C:\Program Files\Intel\iCLS Client\;C:\WINDOWS\system32;C:\WINDOWS;C:\WINDOWS\System32\Wbem;C:\WINDOWS\System32\WindowsPowerShell\v1.0\;C:\Program Files\Intel\Intel(R) Management Engine Components\DAL;C:\Program Files\Intel\Intel(R) Management Engine Components\IPT;C:\Program Files (x86)\Intel\Intel(R) Management Engine Components\DAL;C:\Program Files (x86)\Intel\Intel(R) Management Engine Components\IPT;C:\Program Files (x86)\Windows Live\Shared;C:\Program Files (x86)\Skype\Phone\;C:\Program Files\nodejs\;c:\dev\Android\android-sdk\tools\;c:\dev\lib\apache-maven-3.3.9\bin\;C:\Users\family\AppData\Roaming\npm;C:\Program Files\Docker Toolbox;C:\Users\family\AppData\Local\atom\bin;."/>
    <property name="java.vm.vendor" value="Oracle Corporation"/>
    <property name="APPDATA" value="C:\Users\family\AppData\Roaming"/>
    <property name="java.runtime.name" value="Java(TM) SE Runtime Environment"/>
    <property name="maven.home" value="C:\dev\lib\apache-maven-3.3.9"/>
    <property name="java.class.path" value="C:\Users\family\.jenkins\plugins\maven-plugin\WEB-INF\lib\maven31-agent-1.5.jar;c:\dev\lib\apache-maven-3.3.9\boot\plexus-classworlds-2.5.2.jar;c:\dev\lib\apache-maven-3.3.9/conf/logging"/>
    <property name="sun.java.command" value="jenkins.maven3.agent.Maven31Main c:\dev\lib\apache-maven-3.3.9\ C:\Users\family\.jenkins\war\WEB-INF\lib\remoting-2.59.jar C:\Users\family\.jenkins\plugins\maven-plugin\WEB-INF\lib\maven31-interceptor-1.5.jar C:\Users\family\.jenkins\plugins\maven-plugin\WEB-INF\lib\maven3-interceptor-commons-1.5.jar 52180"/>
    <property name="Path" value="c:\Java\jdk1.8.0_65\bin\;C:\ProgramData\Oracle\Java\javapath;C:\Program Files\Common Files\Microsoft Shared\Windows Live;C:\Program Files (x86)\Common Files\Microsoft Shared\Windows Live;C:\Program Files (x86)\Intel\iCLS Client\;C:\Program Files\Intel\iCLS Client\;C:\WINDOWS\system32;C:\WINDOWS;C:\WINDOWS\System32\Wbem;C:\WINDOWS\System32\WindowsPowerShell\v1.0\;C:\Program Files\Intel\Intel(R) Management Engine Components\DAL;C:\Program Files\Intel\Intel(R) Management Engine Components\IPT;C:\Program Files (x86)\Intel\Intel(R) Management Engine Components\DAL;C:\Program Files (x86)\Intel\Intel(R) Management Engine Components\IPT;C:\Program Files (x86)\Windows Live\Shared;C:\Program Files (x86)\Skype\Phone\;C:\Program Files\nodejs\;c:\dev\Android\android-sdk\tools\;c:\dev\lib\apache-maven-3.3.9\bin\;C:\Users\family\AppData\Roaming\npm;C:\Program Files\Docker Toolbox;C:\Users\family\AppData\Local\atom\bin"/>
    <property name="java.vm.specification.name" value="Java Virtual Machine Specification"/>
    <property name="PROCESSOR_ARCHITECTURE" value="AMD64"/>
    <property name="PROCESSOR_IDENTIFIER" value="Intel64 Family 6 Model 69 Stepping 1, GenuineIntel"/>
    <property name="SESSIONNAME" value="Console"/>
    <property name="java.vm.specification.version" value="1.8"/>
    <property name="sun.os.patch.level" value=""/>
    <property name="sun.cpu.endian" value="little"/>
    <property name="M2_HOME" value="c:\dev\lib\apache-maven-3.3.9\"/>
    <property name="DellClientSystemUpdatePath" value="C:\Program Files (x86)\Dell\ClientSystemUpdate\"/>
    <property name="java.io.tmpdir" value="C:\Users\family\AppData\Local\Temp\"/>
    <property name="OS" value="Windows_NT"/>
    <property name="HUDSON_HOME" value="C:\Users\family\.jenkins"/>
    <property name="PATH+MAVEN" value="c:\dev\lib\apache-maven-3.3.9\/bin"/>
    <property name="ProgramFiles(x86)" value="C:\Program Files (x86)"/>
    <property name="BUILD_URL" value="http://localhost:8080/job/petclinic/2/"/>
    <property name="java.vendor.url.bug" value="http://bugreport.sun.com/bugreport/"/>
    <property name="java.awt.graphicsenv" value="sun.awt.Win32GraphicsEnvironment"/>
    <property name="os.arch" value="amd64"/>
    <property name="SystemRoot" value="C:\WINDOWS"/>
    <property name="windows_tracing_flags" value="3"/>
    <property name="java.ext.dirs" value="c:\Java\jdk1.8.0_65\jre\lib\ext;C:\WINDOWS\Sun\Java\lib\ext"/>
    <property name="user.dir" value="c:\Users\family\Documents\work\freelance\sela\maven-jenkins\tools_build_jenkins\samples_maven\petclinic_sdk"/>
    <property name="JOB_URL" value="http://localhost:8080/job/petclinic/"/>
    <property name="LOGONSERVER" value="\\FAMILY-LAPTOP-2"/>
    <property name="USERDOMAIN" value="family-laptop-2"/>
    <property name="line.separator" value="
"/>
    <property name="MAVEN_HOME" value="c:\dev\lib\apache-maven-3.3.9\"/>
    <property name="java.vm.name" value="Java HotSpot(TM) 64-Bit Server VM"/>
    <property name="BUILD_NUMBER" value="2"/>
    <property name="ANDROID_HOME" value="c:\dev\Android\android-sdk\"/>
    <property name="JENKINS_URL" value="http://localhost:8080/"/>
    <property name="PROCESSOR_REVISION" value="4501"/>
    <property name="ProgramW6432" value="C:\Program Files"/>
    <property name="windir" value="C:\WINDOWS"/>
    <property name="=C:" value="c:\dev\lib"/>
    <property name="file.encoding" value="Cp1255"/>
    <property name="SystemDrive" value="C:"/>
    <property name="maven3.interceptor" value="C:\Users\family\.jenkins\plugins\maven-plugin\WEB-INF\lib\maven31-interceptor-1.5.jar"/>
    <property name="WORKSPACE" value="C:\Users\family\.jenkins\jobs\petclinic\workspace"/>
    <property name="maven3.interceptor.common" value="C:\Users\family\.jenkins\plugins\maven-plugin\WEB-INF\lib\maven3-interceptor-commons-1.5.jar"/>
    <property name="java.specification.version" value="1.8"/>
    <property name="COMMANDER_PATH" value="C:\totalcmd"/>
    <property name="PSModulePath" value="C:\WINDOWS\system32\WindowsPowerShell\v1.0\Modules\"/>
    <property name="COMMANDER_INI" value="C:\Users\family\AppData\Roaming\GHISLER\wincmd.ini"/>
  </properties>
  <testcase classname="org.springframework.samples.petclinic.OwnerTests" name="org.springframework.samples.petclinic.OwnerTests.testHasPet" time="0.016"/>
</testsuite>